<?xml version="1.0" encoding="UTF-8"?>
<testng-results skipped="0" failed="0" total="11" passed="11">
  <reporter-output>
  </reporter-output>
  <suite name="All Test Suite" duration-ms="81" started-at="2018-02-08T11:56:11Z" finished-at="2018-02-08T11:56:11Z">
    <groups>
      <group name="goods">
        <method signature="GoodsTest.testGetSaleNumber()[pri:0, instance:ds.test.testng.GoodsTest@b684286]" name="testGetSaleNumber" class="ds.test.testng.GoodsTest"/>
        <method signature="GoodsTest.testGetSalePrice()[pri:0, instance:ds.test.testng.GoodsTest@b684286]" name="testGetSalePrice" class="ds.test.testng.GoodsTest"/>
        <method signature="GoodsTest.testGetStock()[pri:0, instance:ds.test.testng.GoodsTest@b684286]" name="testGetStock" class="ds.test.testng.GoodsTest"/>
      </group> <!-- goods -->
      <group name="order">
        <method signature="GoodsTest.getOrderNo()[pri:0, instance:ds.test.testng.GoodsTest@b684286]" name="getOrderNo" class="ds.test.testng.GoodsTest"/>
      </group> <!-- order -->
    </groups>
    <test name="D:/shushuogushi/jishu/test/ds-test" duration-ms="81" started-at="2018-02-08T11:56:11Z" finished-at="2018-02-08T11:56:11Z">
      <class name="ds.test.testng.StoreTest">
        <test-method status="PASS" signature="testShowNemGoodsNum()[pri:0, instance:ds.test.testng.StoreTest@3ac3fd8b]" name="testShowNemGoodsNum" duration-ms="1" started-at="2018-02-08T19:56:11Z" finished-at="2018-02-08T19:56:11Z">
          <exception class="java.lang.NullPointerException">
            <full-stacktrace>
              <![CDATA[java.lang.NullPointerException
	at ds.test.testng.StoreTest.testShowNemGoodsNum(StoreTest.java:16)
	at sun.reflect.NativeMethodAccessorImpl.invoke0(Native Method)
	at sun.reflect.NativeMethodAccessorImpl.invoke(NativeMethodAccessorImpl.java:62)
	at sun.reflect.DelegatingMethodAccessorImpl.invoke(DelegatingMethodAccessorImpl.java:43)
	at java.lang.reflect.Method.invoke(Method.java:498)
	at org.testng.internal.MethodInvocationHelper.invokeMethod(MethodInvocationHelper.java:80)
	at org.testng.internal.Invoker.invokeMethod(Invoker.java:714)
	at org.testng.internal.Invoker.invokeTestMethod(Invoker.java:901)
	at org.testng.internal.Invoker.invokeTestMethods(Invoker.java:1231)
	at org.testng.internal.TestMethodWorker.invokeTestMethods(TestMethodWorker.java:127)
	at org.testng.internal.TestMethodWorker.run(TestMethodWorker.java:111)
	at org.testng.TestRunner.privateRun(TestRunner.java:767)
	at org.testng.TestRunner.run(TestRunner.java:617)
	at org.testng.SuiteRunner.runTest(SuiteRunner.java:334)
	at org.testng.SuiteRunner.runSequentially(SuiteRunner.java:329)
	at org.testng.SuiteRunner.privateRun(SuiteRunner.java:291)
	at org.testng.SuiteRunner.run(SuiteRunner.java:240)
	at org.testng.SuiteRunnerWorker.runSuite(SuiteRunnerWorker.java:52)
	at org.testng.SuiteRunnerWorker.run(SuiteRunnerWorker.java:86)
	at org.testng.TestNG.runSuitesSequentially(TestNG.java:1198)
	at org.testng.TestNG.runSuitesLocally(TestNG.java:1123)
	at org.testng.TestNG.run(TestNG.java:1031)
	at org.apache.maven.surefire.testng.TestNGExecutor.run(TestNGExecutor.java:122)
	at org.apache.maven.surefire.testng.TestNGXmlTestSuite.execute(TestNGXmlTestSuite.java:88)
	at org.apache.maven.surefire.testng.TestNGProvider.invoke(TestNGProvider.java:104)
	at sun.reflect.NativeMethodAccessorImpl.invoke0(Native Method)
	at sun.reflect.NativeMethodAccessorImpl.invoke(NativeMethodAccessorImpl.java:62)
	at sun.reflect.DelegatingMethodAccessorImpl.invoke(DelegatingMethodAccessorImpl.java:43)
	at java.lang.reflect.Method.invoke(Method.java:498)
	at org.apache.maven.surefire.booter.ProviderFactory$ClassLoaderProxy.invoke(ProviderFactory.java:103)
	at com.sun.proxy.$Proxy0.invoke(Unknown Source)
	at org.apache.maven.surefire.booter.SurefireStarter.invokeProvider(SurefireStarter.java:150)
	at org.apache.maven.surefire.booter.SurefireStarter.runSuitesInProcess(SurefireStarter.java:91)
	at org.apache.maven.surefire.booter.ForkedBooter.main(ForkedBooter.java:69)
]]>
            </full-stacktrace>
          </exception> <!-- java.lang.NullPointerException -->
          <reporter-output>
          </reporter-output>
        </test-method> <!-- testShowNemGoodsNum -->
        <test-method status="PASS" signature="testGetGoodsNum()[pri:0, instance:ds.test.testng.StoreTest@3ac3fd8b]" name="testGetGoodsNum" duration-ms="17" started-at="2018-02-08T19:56:11Z" finished-at="2018-02-08T19:56:11Z">
          <reporter-output>
          </reporter-output>
        </test-method> <!-- testGetGoodsNum -->
        <test-method status="PASS" signature="testGetStoreTypeFirst()[pri:0, instance:ds.test.testng.StoreTest@3ac3fd8b]" name="testGetStoreTypeFirst" duration-ms="0" started-at="2018-02-08T19:56:11Z" finished-at="2018-02-08T19:56:11Z">
          <reporter-output>
          </reporter-output>
        </test-method> <!-- testGetStoreTypeFirst -->
        <test-method status="PASS" signature="testGetStoreTypeSecond()[pri:0, instance:ds.test.testng.StoreTest@3ac3fd8b]" name="testGetStoreTypeSecond" duration-ms="0" started-at="2018-02-08T19:56:11Z" finished-at="2018-02-08T19:56:11Z">
          <reporter-output>
          </reporter-output>
        </test-method> <!-- testGetStoreTypeSecond -->
      </class> <!-- ds.test.testng.StoreTest -->
      <class name="ds.test.testng.GoodsTest">
        <test-method status="PASS" signature="testGetSalePrice()[pri:0, instance:ds.test.testng.GoodsTest@b684286]" name="testGetSalePrice" duration-ms="12" started-at="2018-02-08T19:56:11Z" finished-at="2018-02-08T19:56:11Z">
          <reporter-output>
          </reporter-output>
        </test-method> <!-- testGetSalePrice -->
        <test-method status="PASS" signature="testGetStock()[pri:0, instance:ds.test.testng.GoodsTest@b684286]" name="testGetStock" duration-ms="0" started-at="2018-02-08T19:56:11Z" finished-at="2018-02-08T19:56:11Z">
          <reporter-output>
          </reporter-output>
        </test-method> <!-- testGetStock -->
        <test-method status="PASS" signature="testGetSaleNumber()[pri:0, instance:ds.test.testng.GoodsTest@b684286]" name="testGetSaleNumber" duration-ms="0" started-at="2018-02-08T19:56:11Z" finished-at="2018-02-08T19:56:11Z">
          <reporter-output>
          </reporter-output>
        </test-method> <!-- testGetSaleNumber -->
        <test-method status="PASS" signature="getOrderNo()[pri:0, instance:ds.test.testng.GoodsTest@b684286]" name="getOrderNo" duration-ms="0" started-at="2018-02-08T19:56:11Z" finished-at="2018-02-08T19:56:11Z">
          <reporter-output>
          </reporter-output>
        </test-method> <!-- getOrderNo -->
      </class> <!-- ds.test.testng.GoodsTest -->
      <class name="ds.test.testng.StockTest">
        <test-method status="PASS" signature="testGetStock(java.lang.String, java.lang.String, java.lang.String)[pri:0, instance:ds.test.testng.StockTest@34ce8af7]" name="testGetStock" duration-ms="1" started-at="2018-02-08T19:56:11Z" data-provider="paramData" finished-at="2018-02-08T19:56:11Z">
          <params>
            <param index="0">
              <value>
                <![CDATA[goods1]]>
              </value>
            </param>
            <param index="1">
              <value>
                <![CDATA[23]]>
              </value>
            </param>
            <param index="2">
              <value>
                <![CDATA[2018-01-01]]>
              </value>
            </param>
          </params>
          <reporter-output>
          </reporter-output>
        </test-method> <!-- testGetStock -->
        <test-method status="PASS" signature="testGetStock(java.lang.String, java.lang.String, java.lang.String)[pri:0, instance:ds.test.testng.StockTest@34ce8af7]" name="testGetStock" duration-ms="1" started-at="2018-02-08T19:56:11Z" data-provider="paramData" finished-at="2018-02-08T19:56:11Z">
          <params>
            <param index="0">
              <value>
                <![CDATA[goods2]]>
              </value>
            </param>
            <param index="1">
              <value>
                <![CDATA[25]]>
              </value>
            </param>
            <param index="2">
              <value>
                <![CDATA[2018-01-01]]>
              </value>
            </param>
          </params>
          <reporter-output>
          </reporter-output>
        </test-method> <!-- testGetStock -->
        <test-method status="PASS" signature="testGetStock(java.lang.String, java.lang.String, java.lang.String)[pri:0, instance:ds.test.testng.StockTest@34ce8af7]" name="testGetStock" duration-ms="2" started-at="2018-02-08T19:56:11Z" data-provider="paramData" finished-at="2018-02-08T19:56:11Z">
          <params>
            <param index="0">
              <value>
                <![CDATA[goods3]]>
              </value>
            </param>
            <param index="1">
              <value>
                <![CDATA[12]]>
              </value>
            </param>
            <param index="2">
              <value>
                <![CDATA[2018-01-01]]>
              </value>
            </param>
          </params>
          <reporter-output>
          </reporter-output>
        </test-method> <!-- testGetStock -->
      </class> <!-- ds.test.testng.StockTest -->
    </test> <!-- D:/shushuogushi/jishu/test/ds-test -->
  </suite> <!-- All Test Suite -->
</testng-results>
