<?xml version="1.0" encoding="UTF-8"?>
<!-- Generated by org.testng.reporters.JUnitReportReporter -->
<testsuite hostname="20171214B6-PC" name="ds.test.testng.GoodsTest" tests="4" failures="0" timestamp="8 Feb 2018 11:56:12 GMT" time="0.012" errors="0">
  <testcase name="testGetStock" time="0.000" classname="ds.test.testng.GoodsTest"/>
  <testcase name="testGetSalePrice" time="0.012" classname="ds.test.testng.GoodsTest"/>
  <testcase name="testGetSaleNumber" time="0.000" classname="ds.test.testng.GoodsTest"/>
  <testcase name="getOrderNo" time="0.000" classname="ds.test.testng.GoodsTest"/>
</testsuite> <!-- ds.test.testng.GoodsTest -->
